<?xml version="1.0" encoding="utf-8"?><testsuites name="pytest tests"><testsuite name="pytest" errors="0" failures="2" skipped="0" tests="30" time="6.600" timestamp="2026-09-18T22:14:33.495616+00:00" hostname="agent-env-0f0b440f-91f9-45be-af92-8bd34aee4294"><testcase classname="tests.backend_test.TestProducts" name="test_list_seeded" time="0.749" /><testcase classname="tests.backend_test.TestStore" name="test_get_store" time="0.789" /><testcase classname="tests.backend_test.TestProducts" name="test_search_and_filter" time="0.076" /><testcase classname="tests.backend_test.TestStore" name="test_appearance_update_reflects_in_public" time="0.312" /><testcase classname="tests.backend_test.TestProducts" name="test_sort" time="0.090" /><testcase classname="tests.backend_test.TestProducts" name="test_pagination" time="0.074" /><testcase classname="tests.backend_test.TestProducts" name="test_promo_validation" time="0.091" /><testcase classname="tests.backend_test.TestProducts" name="test_create_publish_appears_public" time="1.544" /><testcase classname="tests.backend_test.TestStore" name="test_delivery_requires_at_least_one" time="0.117" /><testcase classname="tests.backend_test.TestStore" name="test_delivery_fee_forced_to_8" time="0.075" /><testcase classname="tests.backend_test.TestStore" name="test_payments_requires_one" time="0.120" /><testcase classname="tests.backend_test.TestStore" name="test_payments_ok" time="0.081" /><testcase classname="tests.backend_test.TestStore" name="test_status_publish" time="0.077" /><testcase classname="tests.backend_test.TestCategories" name="test_list" time="0.086" /><testcase classname="tests.backend_test.TestCategories" name="test_create_edit_toggle_delete_with_target" time="0.678" /><testcase classname="tests.backend_test.TestCategories" name="test_reorder" time="0.159" /><testcase classname="tests.backend_test.TestAuth" name="test_owner_login_and_me" time="0.240" /><testcase classname="tests.backend_test.TestPlatformAdmin" name="test_list_stores" time="1.296" /><testcase classname="tests.backend_test.TestAuth" name="test_admin_login_and_me" time="0.415" /><testcase classname="tests.backend_test.TestAuth" name="test_wrong_password_returns_401" time="0.350" /><testcase classname="tests.backend_test.TestAuth" name="test_brute_force_lockout" time="0.954"><failure message="AssertionError: Expected 429 lockout after 5 fails, got sequence: [401, 401, 401, 401, 401, 401]&#10;assert 429 in [401, 401, 401, 401, 401, 401]">backend/tests/backend_test.py:64: in test_brute_force_lockout
    assert 429 in codes, f"Expected 429 lockout after 5 fails, got sequence: {codes}"
E   AssertionError: Expected 429 lockout after 5 fails, got sequence: [401, 401, 401, 401, 401, 401]
E   assert 429 in [401, 401, 401, 401, 401, 401]</failure></testcase><testcase classname="tests.backend_test.TestPlatformAdmin" name="test_plan_change_and_audit" time="0.708" /><testcase classname="tests.backend_test.TestPlatformAdmin" name="test_users_list" time="0.084" /><testcase classname="tests.backend_test.TestMedia" name="test_upload_and_fetch" time="0.310" /><testcase classname="tests.backend_test.TestAdminOverview" name="test_overview_counts" time="0.177" /><testcase classname="tests.backend_test.TestAdminOverview" name="test_owner_cannot_access_admin" time="0.083" /><testcase classname="tests.backend_test.TestShare" name="test_qr_returns_png" time="0.119" /><testcase classname="tests.backend_test.TestAnalytics" name="test_events_and_analytics" time="0.707" /><testcase classname="tests.backend_test.TestUsersInvite" name="test_invite_flow" time="0.327"><failure message="AssertionError: assert 'test_editor_...9@example.com' == 'TEST_editor_...9@example.com'&#10;  &#10;  - TEST_editor_1789769679@example.com&#10;  ? ^^^^&#10;  + test_editor_1789769679@example.com&#10;  ? ^^^^">backend/tests/backend_test.py:261: in test_invite_flow
    assert r.json()["email"] == email
E   AssertionError: assert 'test_editor_...9@example.com' == 'TEST_editor_...9@example.com'
E     
E     - TEST_editor_1789769679@example.com
E     ? ^^^^
E     + test_editor_1789769679@example.com
E     ? ^^^^</failure></testcase><testcase classname="tests.backend_test.TestPublic" name="test_public_store" time="0.153" /></testsuite></testsuites>